<?xml version="1.0" encoding="UTF-8"?>
<!-- Generated by org.testng.reporters.JUnitXMLReporter -->
<testsuite hostname="Mahesh" name="vijay-test" tests="6" failures="0" timestamp="22 Sep 2020 03:30:48 GMT" time="37.558" errors="0">
  <testcase name="addCompany" time="0.011" classname="myPack.Vjay"/>
  <testcase name="addEmp" time="26.08" classname="myPack.Vjay"/>
  <testcase name="deleteEmp" time="0.001" classname="myPack.Vjay"/>
  <testcase name="editCompany" time="0.0" classname="myPack.Vjay"/>
  <testcase name="editEmp" time="0.0" classname="myPack.Vjay"/>
  <testcase name="verifyLogin" time="11.452" classname="myPack.Vjay"/>
</testsuite> <!-- vijay-test -->
