<?xml version="1.0" encoding="UTF-8"?>
<testng-results skipped="0" failed="0" total="6" passed="6">
  <reporter-output>
  </reporter-output>
  <suite name="vijay-suite" duration-ms="37558" started-at="2020-09-22T03:30:11Z" finished-at="2020-09-22T03:30:48Z">
    <groups>
    </groups>
    <test name="vijay-test" duration-ms="37558" started-at="2020-09-22T03:30:11Z" finished-at="2020-09-22T03:30:48Z">
      <class name="myPack.Vjay">
        <test-method status="PASS" signature="addCompany()[pri:0, instance:myPack.Vjay@2752f6e2]" name="addCompany" duration-ms="11" started-at="2020-09-22T09:00:11Z" finished-at="2020-09-22T09:00:11Z">
          <reporter-output>
          </reporter-output>
        </test-method> <!-- addCompany -->
        <test-method status="PASS" signature="addEmp()[pri:0, instance:myPack.Vjay@2752f6e2]" name="addEmp" duration-ms="26080" started-at="2020-09-22T09:00:11Z" finished-at="2020-09-22T09:00:37Z">
          <reporter-output>
          </reporter-output>
        </test-method> <!-- addEmp -->
        <test-method status="PASS" signature="deleteEmp()[pri:0, instance:myPack.Vjay@2752f6e2]" name="deleteEmp" duration-ms="1" started-at="2020-09-22T09:00:37Z" finished-at="2020-09-22T09:00:37Z">
          <reporter-output>
          </reporter-output>
        </test-method> <!-- deleteEmp -->
        <test-method status="PASS" signature="editCompany()[pri:0, instance:myPack.Vjay@2752f6e2]" name="editCompany" duration-ms="0" started-at="2020-09-22T09:00:37Z" finished-at="2020-09-22T09:00:37Z">
          <reporter-output>
          </reporter-output>
        </test-method> <!-- editCompany -->
        <test-method status="PASS" signature="editEmp()[pri:0, instance:myPack.Vjay@2752f6e2]" name="editEmp" duration-ms="0" started-at="2020-09-22T09:00:37Z" finished-at="2020-09-22T09:00:37Z">
          <reporter-output>
          </reporter-output>
        </test-method> <!-- editEmp -->
        <test-method status="PASS" signature="verifyLogin()[pri:0, instance:myPack.Vjay@2752f6e2]" name="verifyLogin" duration-ms="11452" started-at="2020-09-22T09:00:37Z" finished-at="2020-09-22T09:00:48Z">
          <reporter-output>
          </reporter-output>
        </test-method> <!-- verifyLogin -->
      </class> <!-- myPack.Vjay -->
    </test> <!-- vijay-test -->
  </suite> <!-- vijay-suite -->
</testng-results>
